2024-01-02 09:17:26,430 : INFO : Start of Prediction
2024-01-02 09:17:26,431 : INFO : run_id:2024-01-02_091726_334771015
2024-01-02 09:17:26,431 : INFO : Start of Preprocessing...
2024-01-02 09:17:26,431 : INFO : Start of feature encoding...
2024-01-02 09:17:26,439 : INFO : End of feature encoding...
2024-01-02 09:17:26,442 : INFO : Start of Droping Columns...
2024-01-02 09:17:26,444 : INFO : End of Droping Columns...
2024-01-02 09:17:26,444 : INFO : Start of finding missing values...
2024-01-02 09:17:26,445 : INFO : End of finding missing values...
2024-01-02 09:17:26,445 : INFO : Start of building final predictset...
2024-01-02 09:17:26,457 : INFO : End of building final predictset...
2024-01-02 09:17:26,457 : INFO : End of Preprocessing...
2024-01-02 09:17:26,457 : INFO : Start of Load Model
2024-01-02 09:17:26,465 : INFO : Model File KMeans loaded
2024-01-02 09:17:26,465 : INFO : End of Load Model
2024-01-02 09:17:26,547 : INFO : clusters loop started
2024-01-02 09:17:26,548 : INFO : Start of finding correct model
2024-01-02 09:17:26,548 : INFO : End of finding correct model
2024-01-02 09:17:26,549 : INFO : Start of Load Model
2024-01-02 09:17:26,557 : INFO : Model File XGBoost2 loaded
2024-01-02 09:17:26,557 : INFO : End of Load Model
2024-01-02 09:17:26,617 : INFO : Shape of Data (1, 9)
2024-01-02 09:17:26,625 : INFO : Shape of Data None
2024-01-02 09:17:26,632 : INFO : Output : [1.]
2024-01-02 09:17:26,632 : INFO : End of Prediction
