2024-01-02 08:13:55,386 : INFO : Start of Training
2024-01-02 08:13:55,386 : INFO : Run_id:2024-01-02_081355_500627305
2024-01-02 08:13:55,386 : INFO : Start of Data Load, validation and transformation
2024-01-02 08:13:55,386 : INFO : Start of Archiving Old Rejected Files...
2024-01-02 08:13:55,386 : INFO : End of Archiving Old Rejected Files...
2024-01-02 08:13:55,386 : INFO : Start of Archiving Old Validated Files...
2024-01-02 08:13:55,386 : INFO : End of Archiving Old Validated Files...
2024-01-02 08:13:55,386 : INFO : Start of Archiving Old Processed Files...
2024-01-02 08:13:55,402 : INFO : End of Archiving Old Processed Files...
2024-01-02 08:13:55,402 : INFO : Start of Archiving Old Result Files...
2024-01-02 08:13:55,404 : INFO : End of Archiving Old Result Files...
2024-01-02 08:13:55,404 : INFO : Start of Reading values From Schema...
2024-01-02 08:13:55,406 : INFO : End of Reading values From Schema...
2024-01-02 08:13:55,406 : INFO : Start of Validating Column Length...
2024-01-02 08:13:55,442 : INFO : End of Validating Column Length...
2024-01-02 08:13:55,446 : INFO : Start of Validating Missing Values...
2024-01-02 08:13:55,468 : INFO : End of Validating Missing Values...
2024-01-02 08:13:55,469 : INFO : Start of Replacing Missing Values with NULL...
2024-01-02 08:13:55,564 : INFO : hr_employee_churn_data.csv: File Transformed successfully!!
2024-01-02 08:13:55,567 : INFO : End of Replacing Missing Values with NULL...
2024-01-02 08:13:55,567 : INFO : Start of Creating Table...
2024-01-02 08:13:55,576 : INFO : Opened training database successfully
2024-01-02 08:13:55,579 : INFO : Tables created successfully
2024-01-02 08:13:55,579 : INFO : Closed training database successfully
2024-01-02 08:13:55,579 : INFO : End of Creating Table...
2024-01-02 08:13:55,581 : INFO : Opened training database successfully
2024-01-02 08:13:55,581 : INFO : Start of Inserting Data into Table...
2024-01-02 08:15:04,013 : INFO : End of Inserting Data into Table...
2024-01-02 08:15:04,013 : INFO : Start of Exporting Data into CSV...
2024-01-02 08:15:04,013 : INFO : Opened training database successfully
2024-01-02 08:15:04,212 : INFO : End of Exporting Data into CSV...
2024-01-02 08:15:04,212 : INFO : Start of Moving Processed Files...
2024-01-02 08:15:04,212 : INFO : Moved the already processed file hr_employee_churn_data.csv
2024-01-02 08:15:04,220 : INFO : End of Moving Processed Files...
2024-01-02 08:15:04,220 : INFO : End of Data Load, validation and transformation
2024-01-02 08:15:04,220 : INFO : Start of Preprocessing...
2024-01-02 08:15:04,220 : INFO : Start of reading dataset...
2024-01-02 08:15:04,269 : INFO : End of reading dataset...
2024-01-02 08:15:04,269 : INFO : Start of Droping Columns...
2024-01-02 08:15:04,290 : INFO : End of Droping Columns...
2024-01-02 08:15:04,290 : INFO : Start of feature encoding...
2024-01-02 08:15:04,299 : INFO : End of feature encoding...
2024-01-02 08:15:04,302 : INFO : Start of Droping Columns...
2024-01-02 08:15:04,302 : INFO : End of Droping Columns...
2024-01-02 08:15:04,302 : INFO : Start of finding missing values...
2024-01-02 08:15:04,310 : INFO : End of finding missing values...
2024-01-02 08:15:04,310 : INFO : Start of imputing missing values...
2024-01-02 08:15:04,369 : INFO : End of imputing missing values...
2024-01-02 08:15:04,369 : INFO : Start of splitting features and label ...
2024-01-02 08:15:04,369 : INFO : End of splitting features and label ...
2024-01-02 08:15:04,369 : INFO : End of Preprocessing...
2024-01-02 08:15:04,369 : INFO : Start of elbow plotting...
2024-01-02 08:15:08,069 : INFO : The optimum number of clusters is: 3
2024-01-02 08:15:08,077 : INFO : End of elbow plotting...
2024-01-02 08:15:08,077 : INFO : Start of Create clusters...
2024-01-02 08:15:08,229 : INFO : Start of Save Models
2024-01-02 08:15:08,229 : INFO : Start of Save Models
2024-01-02 08:15:08,244 : INFO : Model File KMeans saved
2024-01-02 08:15:08,244 : INFO : Model File KMeans saved
2024-01-02 08:15:08,244 : INFO : End of Save Models
2024-01-02 08:15:08,244 : INFO : End of Save Models
2024-01-02 08:15:08,244 : INFO : succesfully created 3clusters.
2024-01-02 08:15:08,244 : INFO : End of Create clusters...
2024-01-02 08:15:08,260 : INFO : Start of finding best model...
2024-01-02 08:15:08,260 : INFO : Start of finding best params for XGBoost algo...
2024-01-02 08:16:34,534 : INFO : XGBoost best params: {'learning_rate': 0.5, 'max_depth': 20, 'n_estimators': 200}
2024-01-02 08:16:34,534 : INFO : End of finding best params for XGBoost algo...
2024-01-02 08:16:34,570 : INFO : AUC for XGBoost:1.0
2024-01-02 08:16:34,570 : INFO : Start of finding best params for randomforest algo...
2024-01-02 08:17:03,342 : INFO : Random Forest best params: {'criterion': 'entropy', 'max_depth': 3, 'max_features': 'log2', 'n_estimators': 100}
2024-01-02 08:17:03,342 : INFO : End of finding best params for randomforest algo...
2024-01-02 08:17:03,376 : INFO : AUC for XGBoost:0.9621520629755151
2024-01-02 08:17:03,376 : INFO : End of finding best model...
2024-01-02 08:17:03,376 : INFO : Start of Save Models
2024-01-02 08:17:03,376 : INFO : Start of Save Models
2024-01-02 08:17:03,384 : INFO : Model File XGBoost2 saved
2024-01-02 08:17:03,384 : INFO : Model File XGBoost2 saved
2024-01-02 08:17:03,384 : INFO : End of Save Models
2024-01-02 08:17:03,384 : INFO : End of Save Models
2024-01-02 08:17:03,392 : INFO : Start of finding best model...
2024-01-02 08:17:03,392 : INFO : Start of finding best params for XGBoost algo...
2024-01-02 08:18:28,831 : INFO : XGBoost best params: {'learning_rate': 0.1, 'max_depth': 10, 'n_estimators': 200}
2024-01-02 08:18:28,831 : INFO : End of finding best params for XGBoost algo...
2024-01-02 08:18:28,863 : INFO : AUC for XGBoost:0.9962088961184529
2024-01-02 08:18:28,863 : INFO : Start of finding best params for randomforest algo...
2024-01-02 08:18:55,914 : INFO : Random Forest best params: {'criterion': 'entropy', 'max_depth': 3, 'max_features': 'log2', 'n_estimators': 100}
2024-01-02 08:18:55,914 : INFO : End of finding best params for randomforest algo...
2024-01-02 08:18:55,947 : INFO : AUC for XGBoost:0.9515974428546029
2024-01-02 08:18:55,947 : INFO : End of finding best model...
2024-01-02 08:18:55,950 : INFO : Start of Save Models
2024-01-02 08:18:55,950 : INFO : Start of Save Models
2024-01-02 08:18:55,960 : INFO : Model File XGBoost1 saved
2024-01-02 08:18:55,960 : INFO : Model File XGBoost1 saved
2024-01-02 08:18:55,960 : INFO : End of Save Models
2024-01-02 08:18:55,960 : INFO : End of Save Models
2024-01-02 08:18:55,965 : INFO : Start of finding best model...
2024-01-02 08:18:55,965 : INFO : Start of finding best params for XGBoost algo...
2024-01-02 08:20:05,911 : INFO : XGBoost best params: {'learning_rate': 0.5, 'max_depth': 5, 'n_estimators': 200}
2024-01-02 08:20:05,911 : INFO : End of finding best params for XGBoost algo...
2024-01-02 08:20:05,935 : INFO : AUC for XGBoost:0.9993946731234866
2024-01-02 08:20:05,935 : INFO : Start of finding best params for randomforest algo...
2024-01-02 08:20:31,183 : INFO : Random Forest best params: {'criterion': 'entropy', 'max_depth': 3, 'max_features': 'log2', 'n_estimators': 130}
2024-01-02 08:20:31,183 : INFO : End of finding best params for randomforest algo...
2024-01-02 08:20:31,219 : INFO : AUC for XGBoost:0.825169034674951
2024-01-02 08:20:31,219 : INFO : End of finding best model...
2024-01-02 08:20:31,219 : INFO : Start of Save Models
2024-01-02 08:20:31,219 : INFO : Start of Save Models
2024-01-02 08:20:31,234 : INFO : Model File XGBoost0 saved
2024-01-02 08:20:31,234 : INFO : Model File XGBoost0 saved
2024-01-02 08:20:31,234 : INFO : End of Save Models
2024-01-02 08:20:31,234 : INFO : End of Save Models
2024-01-02 08:20:31,235 : INFO : End of Training
